2021-06-21 20:50:12,977 [main] INFO  o.s.c.a.AnnotationConfigApplicationContext 588 - Refreshing org.springframework.context.annotation.AnnotationConfigApplicationContext@37271612: startup date [Mon Jun 21 20:50:12 CST 2021]; root of context hierarchy
2021-06-21 20:50:13,089 [main] INFO  o.s.b.f.a.AutowiredAnnotationBeanPostProcessor 153 - JSR-330 'javax.inject.Inject' annotation found and supported for autowiring
2021-06-21 20:50:13,105 [main] INFO  o.s.c.s.PostProcessorRegistrationDelegate$BeanPostProcessorChecker 326 - Bean 'configurationPropertiesRebinderAutoConfiguration' of type [org.springframework.cloud.autoconfigure.ConfigurationPropertiesRebinderAutoConfiguration$$EnhancerBySpringCGLIB$$50c4f645] is not eligible for getting processed by all BeanPostProcessors (for example: not eligible for auto-proxying)
2021-06-21 20:50:13,464 [main] INFO  com.example.ProviderApplication 654 - No active profile set, falling back to default profiles: default
2021-06-21 20:50:13,471 [main] INFO  o.s.b.w.s.c.AnnotationConfigServletWebServerApplicationContext 588 - Refreshing org.springframework.boot.web.servlet.context.AnnotationConfigServletWebServerApplicationContext@71812481: startup date [Mon Jun 21 20:50:13 CST 2021]; parent: org.springframework.context.annotation.AnnotationConfigApplicationContext@37271612
2021-06-21 20:50:13,961 [main] INFO  o.s.d.r.c.RepositoryConfigurationDelegate 172 - Multiple Spring Data modules found, entering strict repository configuration mode!
2021-06-21 20:50:14,069 [main] INFO  o.s.b.f.s.DefaultListableBeanFactory 821 - Overriding bean definition for bean 'dataSource' with a different definition: replacing [Root bean: class [null]; scope=refresh; abstract=false; lazyInit=false; autowireMode=3; dependencyCheck=0; autowireCandidate=false; primary=false; factoryBeanName=org.springframework.boot.autoconfigure.jdbc.DataSourceConfiguration$Hikari; factoryMethodName=dataSource; initMethodName=null; destroyMethodName=(inferred); defined in class path resource [org/springframework/boot/autoconfigure/jdbc/DataSourceConfiguration$Hikari.class]] with [Root bean: class [org.springframework.aop.scope.ScopedProxyFactoryBean]; scope=; abstract=false; lazyInit=false; autowireMode=0; dependencyCheck=0; autowireCandidate=true; primary=false; factoryBeanName=null; factoryMethodName=null; initMethodName=null; destroyMethodName=null; defined in BeanDefinition defined in class path resource [org/springframework/boot/autoconfigure/jdbc/DataSourceConfiguration$Hikari.class]]
2021-06-21 20:50:14,142 [main] INFO  o.s.cloud.context.scope.GenericScope 294 - BeanFactory id=a554488d-2787-36c4-ac6c-a221258a30fc
2021-06-21 20:50:14,153 [main] INFO  o.s.b.f.a.AutowiredAnnotationBeanPostProcessor 153 - JSR-330 'javax.inject.Inject' annotation found and supported for autowiring
2021-06-21 20:50:14,225 [main] INFO  o.s.c.s.PostProcessorRegistrationDelegate$BeanPostProcessorChecker 326 - Bean 'org.springframework.transaction.annotation.ProxyTransactionManagementConfiguration' of type [org.springframework.transaction.annotation.ProxyTransactionManagementConfiguration$$EnhancerBySpringCGLIB$$34aaf348] is not eligible for getting processed by all BeanPostProcessors (for example: not eligible for auto-proxying)
2021-06-21 20:50:14,302 [main] INFO  o.s.c.s.PostProcessorRegistrationDelegate$BeanPostProcessorChecker 326 - Bean 'org.springframework.cloud.autoconfigure.ConfigurationPropertiesRebinderAutoConfiguration' of type [org.springframework.cloud.autoconfigure.ConfigurationPropertiesRebinderAutoConfiguration$$EnhancerBySpringCGLIB$$50c4f645] is not eligible for getting processed by all BeanPostProcessors (for example: not eligible for auto-proxying)
2021-06-21 20:50:14,602 [main] INFO  o.s.b.w.e.tomcat.TomcatWebServer 91 - Tomcat initialized with port(s): 8010 (http)
2021-06-21 20:50:14,611 [main] INFO  o.a.coyote.http11.Http11NioProtocol 180 - Initializing ProtocolHandler ["http-nio-8010"]
2021-06-21 20:50:14,618 [main] INFO  o.a.catalina.core.StandardService 180 - Starting service [Tomcat]
2021-06-21 20:50:14,619 [main] INFO  o.a.catalina.core.StandardEngine 180 - Starting Servlet Engine: Apache Tomcat/8.5.35
2021-06-21 20:50:14,622 [localhost-startStop-1] INFO  o.a.c.core.AprLifecycleListener 180 - The APR based Apache Tomcat Native library which allows optimal performance in production environments was not found on the java.library.path: [E:\jdk1.8\jdk1.8.0_201\bin;C:\WINDOWS\Sun\Java\bin;C:\WINDOWS\system32;C:\WINDOWS;C:\Program Files (x86)\Common Files\Oracle\Java\javapath;C:\WINDOWS\system32;C:\WINDOWS;C:\WINDOWS\System32\Wbem;C:\WINDOWS\System32\WindowsPowerShell\v1.0\;C:\WINDOWS\System32\OpenSSH\;";E:\mysql-5.7.19-winx64\bin";E:\maven\apache-maven-3.8.1\bin;C:\Users\Administrator\AppData\Local\Microsoft\WindowsApps;"E:\jdk1.8\jdk1.8.0_201\bin;";;.]
2021-06-21 20:50:14,721 [localhost-startStop-1] INFO  o.a.c.c.C.[Tomcat].[localhost].[/] 180 - Initializing Spring embedded WebApplicationContext
2021-06-21 20:50:14,721 [localhost-startStop-1] INFO  o.s.web.context.ContextLoader 296 - Root WebApplicationContext: initialization completed in 1250 ms
2021-06-21 20:50:14,780 [localhost-startStop-1] INFO  o.s.b.w.s.ServletRegistrationBean 187 - Servlet dispatcherServlet mapped to [/]
2021-06-21 20:50:14,784 [localhost-startStop-1] INFO  o.s.b.w.s.FilterRegistrationBean 245 - Mapping filter: 'characterEncodingFilter' to: [/*]
2021-06-21 20:50:14,784 [localhost-startStop-1] INFO  o.s.b.w.s.FilterRegistrationBean 245 - Mapping filter: 'hiddenHttpMethodFilter' to: [/*]
2021-06-21 20:50:14,785 [localhost-startStop-1] INFO  o.s.b.w.s.FilterRegistrationBean 245 - Mapping filter: 'httpPutFormContentFilter' to: [/*]
2021-06-21 20:50:14,785 [localhost-startStop-1] INFO  o.s.b.w.s.FilterRegistrationBean 245 - Mapping filter: 'requestContextFilter' to: [/*]
2021-06-21 20:50:15,480 [main] INFO  o.s.w.s.m.m.a.RequestMappingHandlerMapping 550 - Mapped "{[/index],methods=[GET]}" onto public java.lang.String com.example.com.example.com.example.com.example.controller.HelloHandler.index()
2021-06-21 20:50:15,480 [main] INFO  o.s.w.s.m.m.a.RequestMappingHandlerMapping 550 - Mapped "{[/login],methods=[GET]}" onto public java.lang.String com.example.com.example.com.example.com.example.controller.HelloHandler.login()
2021-06-21 20:50:15,481 [main] INFO  o.s.w.s.m.m.a.RequestMappingHandlerMapping 550 - Mapped "{[/admin],methods=[GET]}" onto public java.lang.String com.example.com.example.com.example.com.example.controller.HelloHandler.admin()
2021-06-21 20:50:15,483 [main] INFO  o.s.w.s.m.m.a.RequestMappingHandlerMapping 550 - Mapped "{[/user/update],methods=[POST]}" onto public com.example.com.example.result.Result com.example.com.example.com.example.com.example.controller.UserController.update(com.example.com.example.entity.User)
2021-06-21 20:50:15,484 [main] INFO  o.s.w.s.m.m.a.RequestMappingHandlerMapping 550 - Mapped "{[/user/save],methods=[POST]}" onto public com.example.com.example.result.Result com.example.com.example.com.example.com.example.controller.UserController.save(com.example.com.example.entity.User)
2021-06-21 20:50:15,484 [main] INFO  o.s.w.s.m.m.a.RequestMappingHandlerMapping 550 - Mapped "{[/user/findById],methods=[POST]}" onto public com.example.com.example.result.Result com.example.com.example.com.example.com.example.controller.UserController.findById(java.lang.Long)
2021-06-21 20:50:15,484 [main] INFO  o.s.w.s.m.m.a.RequestMappingHandlerMapping 550 - Mapped "{[/user/deleteById],methods=[POST]}" onto public com.example.com.example.result.Result com.example.com.example.com.example.com.example.controller.UserController.deleteById(java.lang.Long)
2021-06-21 20:50:15,484 [main] INFO  o.s.w.s.m.m.a.RequestMappingHandlerMapping 550 - Mapped "{[/user/findAll],methods=[GET]}" onto public com.example.com.example.result.Result com.example.com.example.com.example.com.example.controller.UserController.findAll(java.lang.Integer,java.lang.Integer)
2021-06-21 20:50:15,486 [main] INFO  o.s.w.s.m.m.a.RequestMappingHandlerMapping 550 - Mapped "{[/v3/api-docs],methods=[GET],produces=[application/json || application/hal+json]}" onto public org.springframework.http.ResponseEntity<springfox.documentation.spring.web.json.Json> springfox.documentation.oas.web.OpenApiControllerWebMvc.getDocumentation(java.lang.String,javax.servlet.http.HttpServletRequest)
2021-06-21 20:50:15,489 [main] INFO  o.s.w.s.m.m.a.RequestMappingHandlerMapping 550 - Mapped "{[/swagger-resources/configuration/security],methods=[GET],produces=[application/json]}" onto public org.springframework.http.ResponseEntity<springfox.documentation.swagger.web.SecurityConfiguration> springfox.documentation.swagger.web.ApiResourceController.securityConfiguration()
2021-06-21 20:50:15,489 [main] INFO  o.s.w.s.m.m.a.RequestMappingHandlerMapping 550 - Mapped "{[/swagger-resources],methods=[GET],produces=[application/json]}" onto public org.springframework.http.ResponseEntity<java.util.List<springfox.documentation.swagger.web.SwaggerResource>> springfox.documentation.swagger.web.ApiResourceController.swaggerResources()
2021-06-21 20:50:15,490 [main] INFO  o.s.w.s.m.m.a.RequestMappingHandlerMapping 550 - Mapped "{[/swagger-resources/configuration/ui],methods=[GET],produces=[application/json]}" onto public org.springframework.http.ResponseEntity<springfox.documentation.swagger.web.UiConfiguration> springfox.documentation.swagger.web.ApiResourceController.uiConfiguration()
2021-06-21 20:50:15,491 [main] INFO  o.s.w.s.m.m.a.RequestMappingHandlerMapping 550 - Mapped "{[/v2/api-docs],methods=[GET],produces=[application/json || application/hal+json]}" onto public org.springframework.http.ResponseEntity<springfox.documentation.spring.web.json.Json> springfox.documentation.swagger2.web.Swagger2ControllerWebMvc.getDocumentation(java.lang.String,javax.servlet.http.HttpServletRequest)
2021-06-21 20:50:15,492 [main] INFO  o.s.w.s.m.m.a.RequestMappingHandlerMapping 550 - Mapped "{[/error]}" onto public org.springframework.http.ResponseEntity<java.util.Map<java.lang.String, java.lang.Object>> org.springframework.boot.autoconfigure.web.servlet.error.BasicErrorController.error(javax.servlet.http.HttpServletRequest)
2021-06-21 20:50:15,493 [main] INFO  o.s.w.s.m.m.a.RequestMappingHandlerMapping 550 - Mapped "{[/error],produces=[text/html]}" onto public org.springframework.web.servlet.ModelAndView org.springframework.boot.autoconfigure.web.servlet.error.BasicErrorController.errorHtml(javax.servlet.http.HttpServletRequest,javax.servlet.http.HttpServletResponse)
2021-06-21 20:50:15,668 [main] WARN  c.n.c.sources.URLConfigurationSource 121 - No URLs will be polled as dynamic configuration sources.
2021-06-21 20:50:15,669 [main] INFO  c.n.c.sources.URLConfigurationSource 122 - To enable URLs as dynamic configuration sources, define System property archaius.configurationSource.additionalUrls or make config.properties available on classpath.
2021-06-21 20:50:15,671 [main] WARN  c.n.c.sources.URLConfigurationSource 121 - No URLs will be polled as dynamic configuration sources.
2021-06-21 20:50:15,671 [main] INFO  c.n.c.sources.URLConfigurationSource 122 - To enable URLs as dynamic configuration sources, define System property archaius.configurationSource.additionalUrls or make config.properties available on classpath.
2021-06-21 20:50:15,735 [main] INFO  o.s.w.s.h.SimpleUrlHandlerMapping 373 - Mapped URL path [/**/favicon.ico] onto handler of type [class org.springframework.web.servlet.resource.ResourceHttpRequestHandler]
2021-06-21 20:50:15,881 [main] INFO  o.s.w.s.m.m.a.RequestMappingHandlerAdapter 588 - Looking for @ControllerAdvice: org.springframework.boot.web.servlet.context.AnnotationConfigServletWebServerApplicationContext@71812481: startup date [Mon Jun 21 20:50:13 CST 2021]; parent: org.springframework.context.annotation.AnnotationConfigApplicationContext@37271612
2021-06-21 20:50:15,908 [main] INFO  o.s.w.s.h.SimpleUrlHandlerMapping 373 - Mapped URL path [/swagger-ui/] onto handler of type [class org.springframework.web.servlet.mvc.ParameterizableViewController]
2021-06-21 20:50:15,919 [main] INFO  o.s.w.s.h.SimpleUrlHandlerMapping 373 - Mapped URL path [/webjars/**] onto handler of type [class org.springframework.web.servlet.resource.ResourceHttpRequestHandler]
2021-06-21 20:50:15,919 [main] INFO  o.s.w.s.h.SimpleUrlHandlerMapping 373 - Mapped URL path [/**] onto handler of type [class org.springframework.web.servlet.resource.ResourceHttpRequestHandler]
2021-06-21 20:50:15,919 [main] INFO  o.s.w.s.h.SimpleUrlHandlerMapping 373 - Mapped URL path [/swagger-ui/**] onto handler of type [class org.springframework.web.servlet.resource.ResourceHttpRequestHandler]
2021-06-21 20:50:17,113 [main] INFO  o.s.j.e.a.AnnotationMBeanExporter 433 - Registering beans for JMX exposure on startup
2021-06-21 20:50:17,115 [main] INFO  o.s.j.e.a.AnnotationMBeanExporter 895 - Bean with name 'dataSource' has been autodetected for JMX exposure
2021-06-21 20:50:17,120 [main] INFO  o.s.j.e.a.AnnotationMBeanExporter 895 - Bean with name 'refreshScope' has been autodetected for JMX exposure
2021-06-21 20:50:17,121 [main] INFO  o.s.j.e.a.AnnotationMBeanExporter 895 - Bean with name 'configurationPropertiesRebinder' has been autodetected for JMX exposure
2021-06-21 20:50:17,121 [main] INFO  o.s.j.e.a.AnnotationMBeanExporter 895 - Bean with name 'environmentManager' has been autodetected for JMX exposure
2021-06-21 20:50:17,123 [main] INFO  o.s.j.e.a.AnnotationMBeanExporter 675 - Located managed bean 'environmentManager': registering with JMX server as MBean [org.springframework.cloud.context.environment:name=environmentManager,type=EnvironmentManager]
2021-06-21 20:50:17,130 [main] INFO  o.s.j.e.a.AnnotationMBeanExporter 675 - Located managed bean 'refreshScope': registering with JMX server as MBean [org.springframework.cloud.context.scope.refresh:name=refreshScope,type=RefreshScope]
2021-06-21 20:50:17,136 [main] INFO  o.s.j.e.a.AnnotationMBeanExporter 675 - Located managed bean 'configurationPropertiesRebinder': registering with JMX server as MBean [org.springframework.cloud.context.properties:name=configurationPropertiesRebinder,context=71812481,type=ConfigurationPropertiesRebinder]
2021-06-21 20:50:17,139 [main] INFO  o.s.j.e.a.AnnotationMBeanExporter 668 - Located MBean 'dataSource': registering with JMX server as MBean [com.zaxxer.hikari:name=dataSource,type=HikariDataSource]
2021-06-21 20:50:17,144 [main] INFO  o.s.c.s.DefaultLifecycleProcessor 356 - Starting beans in phase 0
2021-06-21 20:50:17,152 [main] INFO  o.s.c.n.eureka.InstanceInfoFactory 71 - Setting initial instance status as: STARTING
2021-06-21 20:50:17,170 [main] INFO  c.netflix.discovery.DiscoveryClient 349 - Initializing Eureka in region us-east-1
2021-06-21 20:50:17,543 [main] INFO  c.n.d.p.DiscoveryJerseyProvider 70 - Using JSON encoding codec LegacyJacksonJson
2021-06-21 20:50:17,544 [main] INFO  c.n.d.p.DiscoveryJerseyProvider 71 - Using JSON decoding codec LegacyJacksonJson
2021-06-21 20:50:17,616 [main] INFO  c.n.d.p.DiscoveryJerseyProvider 80 - Using XML encoding codec XStreamXml
2021-06-21 20:50:17,617 [main] INFO  c.n.d.p.DiscoveryJerseyProvider 81 - Using XML decoding codec XStreamXml
2021-06-21 20:50:17,705 [main] INFO  c.n.d.s.r.aws.ConfigClusterResolver 43 - Resolving eureka endpoints via configuration
2021-06-21 20:50:17,896 [main] INFO  c.netflix.discovery.DiscoveryClient 958 - Disable delta property : false
2021-06-21 20:50:17,896 [main] INFO  c.netflix.discovery.DiscoveryClient 959 - Single vip registry refresh property : null
2021-06-21 20:50:17,896 [main] INFO  c.netflix.discovery.DiscoveryClient 960 - Force full registry fetch : false
2021-06-21 20:50:17,897 [main] INFO  c.netflix.discovery.DiscoveryClient 961 - Application is null : false
2021-06-21 20:50:17,897 [main] INFO  c.netflix.discovery.DiscoveryClient 962 - Registered Applications size is zero : true
2021-06-21 20:50:17,897 [main] INFO  c.netflix.discovery.DiscoveryClient 964 - Application version is -1: true
2021-06-21 20:50:17,897 [main] INFO  c.netflix.discovery.DiscoveryClient 1047 - Getting all instance registry info from the eureka server
2021-06-21 20:50:18,000 [main] INFO  c.netflix.discovery.DiscoveryClient 1056 - The response status is 200
2021-06-21 20:50:18,001 [main] INFO  c.netflix.discovery.DiscoveryClient 1264 - Starting heartbeat executor: renew interval is: 30
2021-06-21 20:50:18,002 [main] INFO  c.n.discovery.InstanceInfoReplicator 60 - InstanceInfoReplicator onDemand update allowed rate per min is 4
2021-06-21 20:50:18,004 [main] INFO  c.netflix.discovery.DiscoveryClient 449 - Discovery Client initialized at timestamp 1624279818004 with initial instances count: 0
2021-06-21 20:50:18,011 [main] INFO  o.s.c.n.e.s.EurekaServiceRegistry 42 - Registering application PROVIDER with eureka with status UP
2021-06-21 20:50:18,011 [main] INFO  c.netflix.discovery.DiscoveryClient 1299 - Saw local status change event StatusChangeEvent [timestamp=1624279818011, current=UP, previous=STARTING]
2021-06-21 20:50:18,012 [DiscoveryClient-InstanceInfoReplicator-0] INFO  c.netflix.discovery.DiscoveryClient 826 - DiscoveryClient_PROVIDER/WIN-LKHF487FVMB:provider:8010: registering service...
2021-06-21 20:50:18,015 [main] INFO  o.s.c.s.DefaultLifecycleProcessor 356 - Starting beans in phase 2147483647
2021-06-21 20:50:18,064 [DiscoveryClient-InstanceInfoReplicator-0] INFO  c.netflix.discovery.DiscoveryClient 835 - DiscoveryClient_PROVIDER/WIN-LKHF487FVMB:provider:8010 - registration status: 204
2021-06-21 20:50:18,264 [main] WARN  s.d.s.r.o.OperationImplicitParameterReader 170 - Unable to interpret the implicit parameter configuration with dataType: Long, dataTypeClass: class java.lang.Void
2021-06-21 20:50:18,272 [main] WARN  s.d.s.r.o.OperationImplicitParameterReader 170 - Unable to interpret the implicit parameter configuration with dataType: Integer, dataTypeClass: class java.lang.Void
2021-06-21 20:50:18,273 [main] WARN  s.d.s.r.o.OperationImplicitParameterReader 170 - Unable to interpret the implicit parameter configuration with dataType: Integer, dataTypeClass: class java.lang.Void
2021-06-21 20:50:18,275 [main] WARN  s.d.s.r.o.OperationImplicitParameterReader 170 - Unable to interpret the implicit parameter configuration with dataType: Long, dataTypeClass: class java.lang.Void
2021-06-21 20:50:18,284 [main] WARN  s.d.s.r.o.OperationImplicitParameterReader 170 - Unable to interpret the implicit parameter configuration with dataType: Long, dataTypeClass: class java.lang.Void
2021-06-21 20:50:18,284 [main] WARN  s.d.s.r.o.OperationImplicitParameterReader 170 - Unable to interpret the implicit parameter configuration with dataType: String, dataTypeClass: class java.lang.Void
2021-06-21 20:50:18,285 [main] WARN  s.d.s.r.o.OperationImplicitParameterReader 170 - Unable to interpret the implicit parameter configuration with dataType: Long, dataTypeClass: class java.lang.Void
2021-06-21 20:50:18,288 [main] WARN  s.d.s.r.o.OperationImplicitParameterReader 170 - Unable to interpret the implicit parameter configuration with dataType: Long, dataTypeClass: class java.lang.Void
2021-06-21 20:50:18,289 [main] WARN  s.d.s.r.o.OperationImplicitParameterReader 170 - Unable to interpret the implicit parameter configuration with dataType: String, dataTypeClass: class java.lang.Void
2021-06-21 20:50:18,289 [main] WARN  s.d.s.r.o.OperationImplicitParameterReader 170 - Unable to interpret the implicit parameter configuration with dataType: Long, dataTypeClass: class java.lang.Void
2021-06-21 20:50:18,300 [main] INFO  o.a.coyote.http11.Http11NioProtocol 180 - Starting ProtocolHandler ["http-nio-8010"]
2021-06-21 20:50:18,306 [main] INFO  o.a.tomcat.util.net.NioSelectorPool 180 - Using a shared selector for servlet write/read
2021-06-21 20:50:18,315 [main] INFO  o.s.b.w.e.tomcat.TomcatWebServer 206 - Tomcat started on port(s): 8010 (http) with context path ''
2021-06-21 20:50:18,316 [main] INFO  o.s.c.n.e.s.EurekaAutoServiceRegistration 124 - Updating port to 8010
2021-06-21 20:50:18,318 [main] INFO  com.example.ProviderApplication 59 - Started ProviderApplication in 6.007 seconds (JVM running for 6.882)
2021-06-21 20:50:48,003 [DiscoveryClient-CacheRefreshExecutor-0] INFO  c.netflix.discovery.DiscoveryClient 958 - Disable delta property : false
2021-06-21 20:50:48,004 [DiscoveryClient-CacheRefreshExecutor-0] INFO  c.netflix.discovery.DiscoveryClient 959 - Single vip registry refresh property : null
2021-06-21 20:50:48,004 [DiscoveryClient-CacheRefreshExecutor-0] INFO  c.netflix.discovery.DiscoveryClient 960 - Force full registry fetch : false
2021-06-21 20:50:48,005 [DiscoveryClient-CacheRefreshExecutor-0] INFO  c.netflix.discovery.DiscoveryClient 961 - Application is null : false
2021-06-21 20:50:48,005 [DiscoveryClient-CacheRefreshExecutor-0] INFO  c.netflix.discovery.DiscoveryClient 962 - Registered Applications size is zero : true
2021-06-21 20:50:48,005 [DiscoveryClient-CacheRefreshExecutor-0] INFO  c.netflix.discovery.DiscoveryClient 964 - Application version is -1: false
2021-06-21 20:50:48,006 [DiscoveryClient-CacheRefreshExecutor-0] INFO  c.netflix.discovery.DiscoveryClient 1047 - Getting all instance registry info from the eureka server
2021-06-21 20:50:48,093 [DiscoveryClient-CacheRefreshExecutor-0] INFO  c.netflix.discovery.DiscoveryClient 1056 - The response status is 200
2021-06-21 20:51:33,738 [http-nio-8010-exec-1] INFO  o.a.c.c.C.[Tomcat].[localhost].[/] 180 - Initializing Spring FrameworkServlet 'dispatcherServlet'
2021-06-21 20:51:33,738 [http-nio-8010-exec-1] INFO  o.s.web.servlet.DispatcherServlet 497 - FrameworkServlet 'dispatcherServlet': initialization started
2021-06-21 20:51:33,764 [http-nio-8010-exec-1] INFO  o.s.web.servlet.DispatcherServlet 512 - FrameworkServlet 'dispatcherServlet': initialization completed in 26 ms
2021-06-21 20:55:17,900 [AsyncResolver-bootstrap-executor-0] INFO  c.n.d.s.r.aws.ConfigClusterResolver 43 - Resolving eureka endpoints via configuration
2021-06-21 20:55:24,068 [http-nio-8010-exec-4] INFO  com.example.config.AopConfig 30 - 方法开始调用前
2021-06-21 20:55:24,100 [http-nio-8010-exec-4] INFO  com.zaxxer.hikari.HikariDataSource 110 - HikariPool-1 - Starting...
2021-06-21 20:55:24,215 [http-nio-8010-exec-4] INFO  com.zaxxer.hikari.HikariDataSource 123 - HikariPool-1 - Start completed.
2021-06-21 20:55:24,237 [http-nio-8010-exec-4] INFO  com.example.config.AopConfig 59 - Around
2021-06-21 20:55:24,237 [http-nio-8010-exec-4] INFO  com.example.config.AopConfig 41 - 方法开始调用之后
2021-06-21 21:00:17,902 [AsyncResolver-bootstrap-executor-0] INFO  c.n.d.s.r.aws.ConfigClusterResolver 43 - Resolving eureka endpoints via configuration
2021-06-21 21:01:08,443 [http-nio-8010-exec-6] INFO  com.example.config.AopConfig 30 - 方法开始调用前
2021-06-21 21:01:08,448 [http-nio-8010-exec-6] INFO  com.example.config.AopConfig 59 - Around
2021-06-21 21:01:08,448 [http-nio-8010-exec-6] INFO  com.example.config.AopConfig 41 - 方法开始调用之后
2021-06-21 21:02:07,214 [http-nio-8010-exec-10] INFO  com.example.config.AopConfig 30 - 方法开始调用前
2021-06-21 21:02:07,216 [http-nio-8010-exec-10] INFO  com.example.config.AopConfig 59 - Around
2021-06-21 21:02:07,217 [http-nio-8010-exec-10] INFO  com.example.config.AopConfig 41 - 方法开始调用之后
2021-06-21 21:05:17,904 [AsyncResolver-bootstrap-executor-0] INFO  c.n.d.s.r.aws.ConfigClusterResolver 43 - Resolving eureka endpoints via configuration
2021-06-21 21:10:17,907 [AsyncResolver-bootstrap-executor-0] INFO  c.n.d.s.r.aws.ConfigClusterResolver 43 - Resolving eureka endpoints via configuration
2021-06-21 21:15:17,909 [AsyncResolver-bootstrap-executor-0] INFO  c.n.d.s.r.aws.ConfigClusterResolver 43 - Resolving eureka endpoints via configuration
2021-06-21 21:20:17,912 [AsyncResolver-bootstrap-executor-0] INFO  c.n.d.s.r.aws.ConfigClusterResolver 43 - Resolving eureka endpoints via configuration
2021-06-21 21:25:17,915 [AsyncResolver-bootstrap-executor-0] INFO  c.n.d.s.r.aws.ConfigClusterResolver 43 - Resolving eureka endpoints via configuration
2021-06-21 21:30:17,917 [AsyncResolver-bootstrap-executor-0] INFO  c.n.d.s.r.aws.ConfigClusterResolver 43 - Resolving eureka endpoints via configuration
2021-06-21 21:35:17,919 [AsyncResolver-bootstrap-executor-0] INFO  c.n.d.s.r.aws.ConfigClusterResolver 43 - Resolving eureka endpoints via configuration
2021-06-21 21:40:17,921 [AsyncResolver-bootstrap-executor-0] INFO  c.n.d.s.r.aws.ConfigClusterResolver 43 - Resolving eureka endpoints via configuration
2021-06-21 21:45:17,923 [AsyncResolver-bootstrap-executor-0] INFO  c.n.d.s.r.aws.ConfigClusterResolver 43 - Resolving eureka endpoints via configuration
2021-06-21 21:50:17,926 [AsyncResolver-bootstrap-executor-0] INFO  c.n.d.s.r.aws.ConfigClusterResolver 43 - Resolving eureka endpoints via configuration
2021-06-21 21:55:17,928 [AsyncResolver-bootstrap-executor-0] INFO  c.n.d.s.r.aws.ConfigClusterResolver 43 - Resolving eureka endpoints via configuration
2021-06-21 22:00:17,931 [AsyncResolver-bootstrap-executor-0] INFO  c.n.d.s.r.aws.ConfigClusterResolver 43 - Resolving eureka endpoints via configuration
2021-06-21 22:05:07,065 [http-nio-8010-exec-5] INFO  com.example.config.AopConfig 30 - 方法开始调用前
2021-06-21 22:05:07,070 [http-nio-8010-exec-5] INFO  com.example.config.AopConfig 59 - Around
2021-06-21 22:05:07,070 [http-nio-8010-exec-5] INFO  com.example.config.AopConfig 41 - 方法开始调用之后
2021-06-21 22:05:07,805 [http-nio-8010-exec-1] INFO  com.example.config.AopConfig 30 - 方法开始调用前
2021-06-21 22:05:07,807 [http-nio-8010-exec-1] INFO  com.example.config.AopConfig 59 - Around
2021-06-21 22:05:07,807 [http-nio-8010-exec-1] INFO  com.example.config.AopConfig 41 - 方法开始调用之后
2021-06-21 22:05:07,962 [http-nio-8010-exec-2] INFO  com.example.config.AopConfig 30 - 方法开始调用前
2021-06-21 22:05:07,964 [http-nio-8010-exec-2] INFO  com.example.config.AopConfig 59 - Around
2021-06-21 22:05:07,964 [http-nio-8010-exec-2] INFO  com.example.config.AopConfig 41 - 方法开始调用之后
2021-06-21 22:05:08,130 [http-nio-8010-exec-7] INFO  com.example.config.AopConfig 30 - 方法开始调用前
2021-06-21 22:05:08,132 [http-nio-8010-exec-7] INFO  com.example.config.AopConfig 59 - Around
2021-06-21 22:05:08,132 [http-nio-8010-exec-7] INFO  com.example.config.AopConfig 41 - 方法开始调用之后
2021-06-21 22:05:08,286 [http-nio-8010-exec-4] INFO  com.example.config.AopConfig 30 - 方法开始调用前
2021-06-21 22:05:08,289 [http-nio-8010-exec-4] INFO  com.example.config.AopConfig 59 - Around
2021-06-21 22:05:08,289 [http-nio-8010-exec-4] INFO  com.example.config.AopConfig 41 - 方法开始调用之后
2021-06-21 22:05:08,436 [http-nio-8010-exec-3] INFO  com.example.config.AopConfig 30 - 方法开始调用前
2021-06-21 22:05:08,438 [http-nio-8010-exec-3] INFO  com.example.config.AopConfig 59 - Around
2021-06-21 22:05:08,439 [http-nio-8010-exec-3] INFO  com.example.config.AopConfig 41 - 方法开始调用之后
2021-06-21 22:05:17,933 [AsyncResolver-bootstrap-executor-0] INFO  c.n.d.s.r.aws.ConfigClusterResolver 43 - Resolving eureka endpoints via configuration
2021-06-21 22:10:17,934 [AsyncResolver-bootstrap-executor-0] INFO  c.n.d.s.r.aws.ConfigClusterResolver 43 - Resolving eureka endpoints via configuration
2021-06-21 22:15:17,936 [AsyncResolver-bootstrap-executor-0] INFO  c.n.d.s.r.aws.ConfigClusterResolver 43 - Resolving eureka endpoints via configuration
2021-06-21 22:20:17,938 [AsyncResolver-bootstrap-executor-0] INFO  c.n.d.s.r.aws.ConfigClusterResolver 43 - Resolving eureka endpoints via configuration
2021-06-21 22:25:17,940 [AsyncResolver-bootstrap-executor-0] INFO  c.n.d.s.r.aws.ConfigClusterResolver 43 - Resolving eureka endpoints via configuration
2021-06-21 22:30:17,941 [AsyncResolver-bootstrap-executor-0] INFO  c.n.d.s.r.aws.ConfigClusterResolver 43 - Resolving eureka endpoints via configuration
2021-06-21 22:35:17,944 [AsyncResolver-bootstrap-executor-0] INFO  c.n.d.s.r.aws.ConfigClusterResolver 43 - Resolving eureka endpoints via configuration
2021-06-21 22:40:17,945 [AsyncResolver-bootstrap-executor-0] INFO  c.n.d.s.r.aws.ConfigClusterResolver 43 - Resolving eureka endpoints via configuration
2021-06-21 22:45:17,947 [AsyncResolver-bootstrap-executor-0] INFO  c.n.d.s.r.aws.ConfigClusterResolver 43 - Resolving eureka endpoints via configuration
2021-06-21 22:50:17,949 [AsyncResolver-bootstrap-executor-0] INFO  c.n.d.s.r.aws.ConfigClusterResolver 43 - Resolving eureka endpoints via configuration
2021-06-21 22:55:17,951 [AsyncResolver-bootstrap-executor-0] INFO  c.n.d.s.r.aws.ConfigClusterResolver 43 - Resolving eureka endpoints via configuration
2021-06-21 23:00:17,951 [AsyncResolver-bootstrap-executor-0] INFO  c.n.d.s.r.aws.ConfigClusterResolver 43 - Resolving eureka endpoints via configuration
2021-06-21 23:05:17,952 [AsyncResolver-bootstrap-executor-0] INFO  c.n.d.s.r.aws.ConfigClusterResolver 43 - Resolving eureka endpoints via configuration
2021-06-21 23:10:17,954 [AsyncResolver-bootstrap-executor-0] INFO  c.n.d.s.r.aws.ConfigClusterResolver 43 - Resolving eureka endpoints via configuration
2021-06-21 23:15:17,956 [AsyncResolver-bootstrap-executor-0] INFO  c.n.d.s.r.aws.ConfigClusterResolver 43 - Resolving eureka endpoints via configuration
